<?xml version="1.0" encoding="UTF-8"?>
<!-- Generated by org.testng.reporters.JUnitReportReporter -->
<testsuite skipped="0" hostname="LAPTOP-N6EHSS2A" name="qaclickacademy.Mavenjava.RESTAPI" tests="2" failures="0" timestamp="2020-05-11T13:21:56 IST" time="0.011" errors="0">
  <testcase name="postJira" time="0.002" classname="qaclickacademy.Mavenjava.RESTAPI"/>
  <system-out/>
  <testcase name="deletetwitter" time="0.009" classname="qaclickacademy.Mavenjava.RESTAPI"/>
  <system-out/>
</testsuite> <!-- qaclickacademy.Mavenjava.RESTAPI -->
