<?xml version="1.0" encoding="UTF-8"?>
<!-- Generated by org.testng.reporters.JUnitReportReporter -->
<testsuite skipped="0" hostname="LAPTOP-N6EHSS2A" name="qaclickacademy.Mavenjava.SeleniumTest" tests="2" failures="0" timestamp="2020-05-09T16:53:04 IST" time="0.013" errors="0">
  <testcase name="BrowserAutomation" time="0.011" classname="qaclickacademy.Mavenjava.SeleniumTest"/>
  <system-out/>
  <testcase name="ElementUI" time="0.002" classname="qaclickacademy.Mavenjava.SeleniumTest"/>
  <system-out/>
</testsuite> <!-- qaclickacademy.Mavenjava.SeleniumTest -->
