<?xml version="1.0" encoding="UTF-8"?>
<!-- Generated by org.testng.reporters.JUnitReportReporter -->
<testsuite skipped="0" hostname="LAPTOP-N6EHSS2A" name="qaclickacademy.Mavenjava.AppiumTest" tests="1" failures="0" timestamp="2020-05-11T13:40:09 IST" time="0.001" errors="0">
  <testcase name="mobiletest" time="0.001" classname="qaclickacademy.Mavenjava.AppiumTest"/>
  <system-out/>
</testsuite> <!-- qaclickacademy.Mavenjava.AppiumTest -->
